{"D:\\Workspace\\Developpeur\\m2i-cda\\week8 - api\\insta-project\\app.js": {"path":"D:\\Workspace\\Developpeur\\m2i-cda\\week8 - api\\insta-project\\app.js","statementMap":{"0":{"start":{"line":1,"column":0},"end":{"line":1,"column":27}},"1":{"start":{"line":3,"column":15},"end":{"line":3,"column":32}},"2":{"start":{"line":4,"column":13},"end":{"line":4,"column":28}},"3":{"start":{"line":5,"column":11},"end":{"line":5,"column":24}},"4":{"start":{"line":7,"column":16},"end":{"line":7,"column":34}},"5":{"start":{"line":8,"column":13},"end":{"line":8,"column":28}},"6":{"start":{"line":11,"column":19},"end":{"line":11,"column":41}},"7":{"start":{"line":13,"column":12},"end":{"line":13,"column":21}},"8":{"start":{"line":16,"column":19},"end":{"line":16,"column":50}},"9":{"start":{"line":17,"column":19},"end":{"line":17,"column":50}},"10":{"start":{"line":18,"column":22},"end":{"line":18,"column":56}},"11":{"start":{"line":19,"column":22},"end":{"line":19,"column":56}},"12":{"start":{"line":21,"column":24},"end":{"line":21,"column":96}},"13":{"start":{"line":22,"column":0},"end":{"line":22,"column":53}},"14":{"start":{"line":24,"column":0},"end":{"line":24,"column":24}},"15":{"start":{"line":25,"column":0},"end":{"line":25,"column":48}},"16":{"start":{"line":27,"column":0},"end":{"line":27,"column":27}},"17":{"start":{"line":28,"column":0},"end":{"line":28,"column":51}},"18":{"start":{"line":31,"column":0},"end":{"line":31,"column":70}},"19":{"start":{"line":34,"column":0},"end":{"line":34,"column":30}},"20":{"start":{"line":35,"column":0},"end":{"line":35,"column":30}},"21":{"start":{"line":36,"column":0},"end":{"line":36,"column":36}},"22":{"start":{"line":37,"column":0},"end":{"line":37,"column":36}},"23":{"start":{"line":40,"column":0},"end":{"line":40,"column":27}},"24":{"start":{"line":41,"column":0},"end":{"line":41,"column":51}},"25":{"start":{"line":43,"column":13},"end":{"line":43,"column":17}},"26":{"start":{"line":45,"column":0},"end":{"line":50,"column":1}},"27":{"start":{"line":46,"column":2},"end":{"line":49,"column":5}},"28":{"start":{"line":47,"column":17},"end":{"line":47,"column":27}},"29":{"start":{"line":48,"column":4},"end":{"line":48,"column":96}},"30":{"start":{"line":52,"column":0},"end":{"line":52,"column":21}}},"fnMap":{"0":{"name":"(anonymous_0)","decl":{"start":{"line":46,"column":19},"end":{"line":46,"column":20}},"loc":{"start":{"line":46,"column":25},"end":{"line":49,"column":3}},"line":46}},"branchMap":{"0":{"loc":{"start":{"line":45,"column":0},"end":{"line":50,"column":1}},"type":"if","locations":[{"start":{"line":45,"column":0},"end":{"line":50,"column":1}},{"start":{"line":45,"column":0},"end":{"line":50,"column":1}}],"line":45}},"s":{"0":4,"1":4,"2":4,"3":4,"4":4,"5":4,"6":4,"7":4,"8":4,"9":4,"10":4,"11":4,"12":4,"13":4,"14":4,"15":4,"16":4,"17":4,"18":4,"19":4,"20":4,"21":4,"22":4,"23":4,"24":4,"25":4,"26":4,"27":0,"28":0,"29":0,"30":4},"f":{"0":0},"b":{"0":[0,4]},"_coverageSchema":"1a1c01bbd47fc00a2c39e90264f33305004495a9","hash":"8a36570a88cdad156386ad8ddfcd7d6722aa6bc4"}
,"D:\\Workspace\\Developpeur\\m2i-cda\\week8 - api\\insta-project\\config\\config.js": {"path":"D:\\Workspace\\Developpeur\\m2i-cda\\week8 - api\\insta-project\\config\\config.js","statementMap":{"0":{"start":{"line":1,"column":0},"end":{"line":1,"column":27}},"1":{"start":{"line":3,"column":0},"end":{"line":27,"column":1}}},"fnMap":{},"branchMap":{},"s":{"0":4,"1":4},"f":{},"b":{},"_coverageSchema":"1a1c01bbd47fc00a2c39e90264f33305004495a9","hash":"7e424452ef8afd1455a7b358f4e742841676e826"}
,"D:\\Workspace\\Developpeur\\m2i-cda\\week8 - api\\insta-project\\controllers\\comment.controller.js": {"path":"D:\\Workspace\\Developpeur\\m2i-cda\\week8 - api\\insta-project\\controllers\\comment.controller.js","statementMap":{"0":{"start":{"line":1,"column":16},"end":{"line":1,"column":44}},"1":{"start":{"line":2,"column":13},"end":{"line":2,"column":38}},"2":{"start":{"line":3,"column":16},"end":{"line":3,"column":44}},"3":{"start":{"line":4,"column":23},"end":{"line":4,"column":58}},"4":{"start":{"line":5,"column":21},"end":{"line":5,"column":57}},"5":{"start":{"line":7,"column":0},"end":{"line":25,"column":2}},"6":{"start":{"line":8,"column":2},"end":{"line":24,"column":35}},"7":{"start":{"line":23,"column":18},"end":{"line":23,"column":44}},"8":{"start":{"line":24,"column":18},"end":{"line":24,"column":34}},"9":{"start":{"line":27,"column":0},"end":{"line":51,"column":2}},"10":{"start":{"line":28,"column":13},"end":{"line":28,"column":26}},"11":{"start":{"line":30,"column":2},"end":{"line":50,"column":35}},"12":{"start":{"line":46,"column":6},"end":{"line":48,"column":76}},"13":{"start":{"line":50,"column":18},"end":{"line":50,"column":34}},"14":{"start":{"line":53,"column":0},"end":{"line":76,"column":2}},"15":{"start":{"line":54,"column":16},"end":{"line":54,"column":49}},"16":{"start":{"line":56,"column":15},"end":{"line":56,"column":23}},"17":{"start":{"line":57,"column":2},"end":{"line":57,"column":25}},"18":{"start":{"line":59,"column":20},"end":{"line":59,"column":34}},"19":{"start":{"line":60,"column":2},"end":{"line":60,"column":31}},"20":{"start":{"line":62,"column":2},"end":{"line":75,"column":3}},"21":{"start":{"line":63,"column":4},"end":{"line":63,"column":95}},"22":{"start":{"line":65,"column":4},"end":{"line":74,"column":8}},"23":{"start":{"line":67,"column":8},"end":{"line":68,"column":88}},"24":{"start":{"line":68,"column":22},"end":{"line":68,"column":55}},"25":{"start":{"line":68,"column":70},"end":{"line":68,"column":86}},"26":{"start":{"line":71,"column":8},"end":{"line":73,"column":94}},"27":{"start":{"line":78,"column":0},"end":{"line":99,"column":2}},"28":{"start":{"line":79,"column":16},"end":{"line":79,"column":49}},"29":{"start":{"line":80,"column":20},"end":{"line":80,"column":33}},"30":{"start":{"line":81,"column":15},"end":{"line":81,"column":44}},"31":{"start":{"line":83,"column":2},"end":{"line":97,"column":3}},"32":{"start":{"line":84,"column":4},"end":{"line":84,"column":88}},"33":{"start":{"line":87,"column":4},"end":{"line":96,"column":8}},"34":{"start":{"line":89,"column":8},"end":{"line":95,"column":9}},"35":{"start":{"line":90,"column":10},"end":{"line":92,"column":44}},"36":{"start":{"line":91,"column":26},"end":{"line":91,"column":78}},"37":{"start":{"line":92,"column":26},"end":{"line":92,"column":42}},"38":{"start":{"line":94,"column":10},"end":{"line":94,"column":60}},"39":{"start":{"line":101,"column":0},"end":{"line":115,"column":2}},"40":{"start":{"line":102,"column":16},"end":{"line":102,"column":49}},"41":{"start":{"line":103,"column":20},"end":{"line":103,"column":33}},"42":{"start":{"line":105,"column":2},"end":{"line":114,"column":6}},"43":{"start":{"line":107,"column":6},"end":{"line":113,"column":7}},"44":{"start":{"line":108,"column":8},"end":{"line":110,"column":41}},"45":{"start":{"line":109,"column":24},"end":{"line":109,"column":76}},"46":{"start":{"line":110,"column":24},"end":{"line":110,"column":40}},"47":{"start":{"line":112,"column":8},"end":{"line":112,"column":58}}},"fnMap":{"0":{"name":"(anonymous_0)","decl":{"start":{"line":7,"column":18},"end":{"line":7,"column":19}},"loc":{"start":{"line":7,"column":38},"end":{"line":25,"column":1}},"line":7},"1":{"name":"(anonymous_1)","decl":{"start":{"line":23,"column":10},"end":{"line":23,"column":11}},"loc":{"start":{"line":23,"column":18},"end":{"line":23,"column":44}},"line":23},"2":{"name":"(anonymous_2)","decl":{"start":{"line":24,"column":11},"end":{"line":24,"column":12}},"loc":{"start":{"line":24,"column":18},"end":{"line":24,"column":34}},"line":24},"3":{"name":"(anonymous_3)","decl":{"start":{"line":27,"column":19},"end":{"line":27,"column":20}},"loc":{"start":{"line":27,"column":39},"end":{"line":51,"column":1}},"line":27},"4":{"name":"(anonymous_4)","decl":{"start":{"line":45,"column":10},"end":{"line":45,"column":11}},"loc":{"start":{"line":45,"column":18},"end":{"line":49,"column":5}},"line":45},"5":{"name":"(anonymous_5)","decl":{"start":{"line":50,"column":11},"end":{"line":50,"column":12}},"loc":{"start":{"line":50,"column":18},"end":{"line":50,"column":34}},"line":50},"6":{"name":"(anonymous_6)","decl":{"start":{"line":53,"column":17},"end":{"line":53,"column":18}},"loc":{"start":{"line":53,"column":37},"end":{"line":76,"column":1}},"line":53},"7":{"name":"(anonymous_7)","decl":{"start":{"line":66,"column":12},"end":{"line":66,"column":13}},"loc":{"start":{"line":66,"column":27},"end":{"line":69,"column":7}},"line":66},"8":{"name":"(anonymous_8)","decl":{"start":{"line":68,"column":16},"end":{"line":68,"column":17}},"loc":{"start":{"line":68,"column":22},"end":{"line":68,"column":55}},"line":68},"9":{"name":"(anonymous_9)","decl":{"start":{"line":68,"column":63},"end":{"line":68,"column":64}},"loc":{"start":{"line":68,"column":70},"end":{"line":68,"column":86}},"line":68},"10":{"name":"(anonymous_10)","decl":{"start":{"line":70,"column":13},"end":{"line":70,"column":14}},"loc":{"start":{"line":70,"column":20},"end":{"line":74,"column":7}},"line":70},"11":{"name":"(anonymous_11)","decl":{"start":{"line":78,"column":21},"end":{"line":78,"column":22}},"loc":{"start":{"line":78,"column":41},"end":{"line":99,"column":1}},"line":78},"12":{"name":"(anonymous_12)","decl":{"start":{"line":88,"column":12},"end":{"line":88,"column":13}},"loc":{"start":{"line":88,"column":21},"end":{"line":96,"column":7}},"line":88},"13":{"name":"(anonymous_13)","decl":{"start":{"line":91,"column":18},"end":{"line":91,"column":19}},"loc":{"start":{"line":91,"column":24},"end":{"line":91,"column":80}},"line":91},"14":{"name":"(anonymous_14)","decl":{"start":{"line":92,"column":19},"end":{"line":92,"column":20}},"loc":{"start":{"line":92,"column":26},"end":{"line":92,"column":42}},"line":92},"15":{"name":"(anonymous_15)","decl":{"start":{"line":101,"column":22},"end":{"line":101,"column":23}},"loc":{"start":{"line":101,"column":42},"end":{"line":115,"column":1}},"line":101},"16":{"name":"(anonymous_16)","decl":{"start":{"line":106,"column":10},"end":{"line":106,"column":11}},"loc":{"start":{"line":106,"column":19},"end":{"line":114,"column":5}},"line":106},"17":{"name":"(anonymous_17)","decl":{"start":{"line":109,"column":16},"end":{"line":109,"column":17}},"loc":{"start":{"line":109,"column":24},"end":{"line":109,"column":76}},"line":109},"18":{"name":"(anonymous_18)","decl":{"start":{"line":110,"column":17},"end":{"line":110,"column":18}},"loc":{"start":{"line":110,"column":24},"end":{"line":110,"column":40}},"line":110}},"branchMap":{"0":{"loc":{"start":{"line":46,"column":6},"end":{"line":48,"column":75}},"type":"cond-expr","locations":[{"start":{"line":47,"column":8},"end":{"line":47,"column":34}},{"start":{"line":48,"column":8},"end":{"line":48,"column":75}}],"line":46},"1":{"loc":{"start":{"line":62,"column":2},"end":{"line":75,"column":3}},"type":"if","locations":[{"start":{"line":62,"column":2},"end":{"line":75,"column":3}},{"start":{"line":62,"column":2},"end":{"line":75,"column":3}}],"line":62},"2":{"loc":{"start":{"line":62,"column":6},"end":{"line":62,"column":33}},"type":"binary-expr","locations":[{"start":{"line":62,"column":6},"end":{"line":62,"column":16}},{"start":{"line":62,"column":20},"end":{"line":62,"column":33}}],"line":62},"3":{"loc":{"start":{"line":71,"column":8},"end":{"line":73,"column":93}},"type":"cond-expr","locations":[{"start":{"line":72,"column":10},"end":{"line":72,"column":81}},{"start":{"line":73,"column":10},"end":{"line":73,"column":93}}],"line":71},"4":{"loc":{"start":{"line":83,"column":2},"end":{"line":97,"column":3}},"type":"if","locations":[{"start":{"line":83,"column":2},"end":{"line":97,"column":3}},{"start":{"line":83,"column":2},"end":{"line":97,"column":3}}],"line":83},"5":{"loc":{"start":{"line":89,"column":8},"end":{"line":95,"column":9}},"type":"if","locations":[{"start":{"line":89,"column":8},"end":{"line":95,"column":9}},{"start":{"line":89,"column":8},"end":{"line":95,"column":9}}],"line":89},"6":{"loc":{"start":{"line":89,"column":12},"end":{"line":89,"column":61}},"type":"binary-expr","locations":[{"start":{"line":89,"column":12},"end":{"line":89,"column":36}},{"start":{"line":89,"column":40},"end":{"line":89,"column":61}}],"line":89},"7":{"loc":{"start":{"line":107,"column":6},"end":{"line":113,"column":7}},"type":"if","locations":[{"start":{"line":107,"column":6},"end":{"line":113,"column":7}},{"start":{"line":107,"column":6},"end":{"line":113,"column":7}}],"line":107},"8":{"loc":{"start":{"line":107,"column":10},"end":{"line":107,"column":61}},"type":"binary-expr","locations":[{"start":{"line":107,"column":10},"end":{"line":107,"column":35}},{"start":{"line":107,"column":39},"end":{"line":107,"column":61}}],"line":107}},"s":{"0":4,"1":4,"2":4,"3":4,"4":4,"5":4,"6":1,"7":1,"8":0,"9":4,"10":1,"11":1,"12":1,"13":0,"14":4,"15":3,"16":3,"17":3,"18":3,"19":3,"20":3,"21":2,"22":1,"23":1,"24":1,"25":0,"26":0,"27":4,"28":3,"29":3,"30":3,"31":3,"32":0,"33":3,"34":3,"35":2,"36":2,"37":0,"38":1,"39":4,"40":3,"41":3,"42":3,"43":3,"44":2,"45":2,"46":0,"47":1},"f":{"0":1,"1":1,"2":0,"3":1,"4":1,"5":0,"6":3,"7":1,"8":1,"9":0,"10":0,"11":3,"12":3,"13":2,"14":0,"15":3,"16":3,"17":2,"18":0},"b":{"0":[1,0],"1":[2,1],"2":[3,2],"3":[0,0],"4":[0,3],"5":[2,1],"6":[3,2],"7":[2,1],"8":[3,2]},"_coverageSchema":"1a1c01bbd47fc00a2c39e90264f33305004495a9","hash":"09b87f29285667b95f1aed9472542a09c385f111"}
,"D:\\Workspace\\Developpeur\\m2i-cda\\week8 - api\\insta-project\\controllers\\picture.controller.js": {"path":"D:\\Workspace\\Developpeur\\m2i-cda\\week8 - api\\insta-project\\controllers\\picture.controller.js","statementMap":{"0":{"start":{"line":1,"column":13},"end":{"line":1,"column":38}},"1":{"start":{"line":2,"column":16},"end":{"line":2,"column":44}},"2":{"start":{"line":3,"column":20},"end":{"line":3,"column":52}},"3":{"start":{"line":4,"column":16},"end":{"line":4,"column":44}},"4":{"start":{"line":5,"column":21},"end":{"line":5,"column":57}},"5":{"start":{"line":7,"column":0},"end":{"line":31,"column":1}},"6":{"start":{"line":8,"column":2},"end":{"line":8,"column":51}},"7":{"start":{"line":9,"column":2},"end":{"line":30,"column":71}},"8":{"start":{"line":27,"column":6},"end":{"line":27,"column":80}},"9":{"start":{"line":28,"column":6},"end":{"line":28,"column":33}},"10":{"start":{"line":30,"column":18},"end":{"line":30,"column":70}},"11":{"start":{"line":33,"column":0},"end":{"line":53,"column":2}},"12":{"start":{"line":34,"column":2},"end":{"line":34,"column":52}},"13":{"start":{"line":35,"column":13},"end":{"line":35,"column":26}},"14":{"start":{"line":36,"column":2},"end":{"line":52,"column":36}},"15":{"start":{"line":48,"column":6},"end":{"line":50,"column":78}},"16":{"start":{"line":52,"column":18},"end":{"line":52,"column":34}},"17":{"start":{"line":55,"column":0},"end":{"line":76,"column":2}},"18":{"start":{"line":56,"column":16},"end":{"line":56,"column":49}},"19":{"start":{"line":57,"column":15},"end":{"line":57,"column":23}},"20":{"start":{"line":58,"column":2},"end":{"line":58,"column":20}},"21":{"start":{"line":60,"column":2},"end":{"line":60,"column":74}},"22":{"start":{"line":60,"column":13},"end":{"line":60,"column":74}},"23":{"start":{"line":62,"column":15},"end":{"line":62,"column":23}},"24":{"start":{"line":63,"column":2},"end":{"line":63,"column":46}},"25":{"start":{"line":64,"column":2},"end":{"line":64,"column":39}},"26":{"start":{"line":66,"column":2},"end":{"line":75,"column":7}},"27":{"start":{"line":68,"column":6},"end":{"line":69,"column":51}},"28":{"start":{"line":69,"column":23},"end":{"line":69,"column":49}},"29":{"start":{"line":72,"column":6},"end":{"line":74,"column":92}},"30":{"start":{"line":78,"column":0},"end":{"line":99,"column":2}},"31":{"start":{"line":79,"column":16},"end":{"line":79,"column":49}},"32":{"start":{"line":80,"column":20},"end":{"line":80,"column":33}},"33":{"start":{"line":82,"column":2},"end":{"line":98,"column":3}},"34":{"start":{"line":83,"column":4},"end":{"line":83,"column":98}},"35":{"start":{"line":85,"column":17},"end":{"line":85,"column":40}},"36":{"start":{"line":88,"column":4},"end":{"line":97,"column":9}},"37":{"start":{"line":90,"column":8},"end":{"line":96,"column":9}},"38":{"start":{"line":91,"column":10},"end":{"line":93,"column":44}},"39":{"start":{"line":92,"column":26},"end":{"line":92,"column":80}},"40":{"start":{"line":93,"column":26},"end":{"line":93,"column":42}},"41":{"start":{"line":95,"column":10},"end":{"line":95,"column":59}},"42":{"start":{"line":101,"column":0},"end":{"line":116,"column":2}},"43":{"start":{"line":102,"column":16},"end":{"line":102,"column":49}},"44":{"start":{"line":103,"column":20},"end":{"line":103,"column":33}},"45":{"start":{"line":106,"column":2},"end":{"line":115,"column":7}},"46":{"start":{"line":108,"column":6},"end":{"line":114,"column":7}},"47":{"start":{"line":109,"column":8},"end":{"line":111,"column":42}},"48":{"start":{"line":110,"column":24},"end":{"line":110,"column":78}},"49":{"start":{"line":111,"column":24},"end":{"line":111,"column":40}},"50":{"start":{"line":113,"column":8},"end":{"line":113,"column":57}}},"fnMap":{"0":{"name":"(anonymous_0)","decl":{"start":{"line":7,"column":18},"end":{"line":7,"column":19}},"loc":{"start":{"line":7,"column":38},"end":{"line":31,"column":1}},"line":7},"1":{"name":"(anonymous_1)","decl":{"start":{"line":26,"column":10},"end":{"line":26,"column":11}},"loc":{"start":{"line":26,"column":18},"end":{"line":29,"column":5}},"line":26},"2":{"name":"(anonymous_2)","decl":{"start":{"line":30,"column":11},"end":{"line":30,"column":12}},"loc":{"start":{"line":30,"column":18},"end":{"line":30,"column":70}},"line":30},"3":{"name":"(anonymous_3)","decl":{"start":{"line":33,"column":19},"end":{"line":33,"column":20}},"loc":{"start":{"line":33,"column":39},"end":{"line":53,"column":1}},"line":33},"4":{"name":"(anonymous_4)","decl":{"start":{"line":47,"column":10},"end":{"line":47,"column":11}},"loc":{"start":{"line":47,"column":18},"end":{"line":51,"column":5}},"line":47},"5":{"name":"(anonymous_5)","decl":{"start":{"line":52,"column":11},"end":{"line":52,"column":12}},"loc":{"start":{"line":52,"column":18},"end":{"line":52,"column":34}},"line":52},"6":{"name":"(anonymous_6)","decl":{"start":{"line":55,"column":17},"end":{"line":55,"column":18}},"loc":{"start":{"line":55,"column":37},"end":{"line":76,"column":1}},"line":55},"7":{"name":"(anonymous_7)","decl":{"start":{"line":67,"column":10},"end":{"line":67,"column":11}},"loc":{"start":{"line":67,"column":18},"end":{"line":70,"column":5}},"line":67},"8":{"name":"(anonymous_8)","decl":{"start":{"line":69,"column":14},"end":{"line":69,"column":15}},"loc":{"start":{"line":69,"column":23},"end":{"line":69,"column":49}},"line":69},"9":{"name":"(anonymous_9)","decl":{"start":{"line":71,"column":11},"end":{"line":71,"column":12}},"loc":{"start":{"line":71,"column":18},"end":{"line":75,"column":5}},"line":71},"10":{"name":"(anonymous_10)","decl":{"start":{"line":78,"column":21},"end":{"line":78,"column":22}},"loc":{"start":{"line":78,"column":41},"end":{"line":99,"column":1}},"line":78},"11":{"name":"(anonymous_11)","decl":{"start":{"line":89,"column":12},"end":{"line":89,"column":13}},"loc":{"start":{"line":89,"column":21},"end":{"line":97,"column":7}},"line":89},"12":{"name":"(anonymous_12)","decl":{"start":{"line":92,"column":18},"end":{"line":92,"column":19}},"loc":{"start":{"line":92,"column":24},"end":{"line":92,"column":82}},"line":92},"13":{"name":"(anonymous_13)","decl":{"start":{"line":93,"column":19},"end":{"line":93,"column":20}},"loc":{"start":{"line":93,"column":26},"end":{"line":93,"column":42}},"line":93},"14":{"name":"(anonymous_14)","decl":{"start":{"line":101,"column":22},"end":{"line":101,"column":23}},"loc":{"start":{"line":101,"column":42},"end":{"line":116,"column":1}},"line":101},"15":{"name":"(anonymous_15)","decl":{"start":{"line":107,"column":10},"end":{"line":107,"column":11}},"loc":{"start":{"line":107,"column":19},"end":{"line":115,"column":5}},"line":107},"16":{"name":"(anonymous_16)","decl":{"start":{"line":110,"column":16},"end":{"line":110,"column":17}},"loc":{"start":{"line":110,"column":24},"end":{"line":110,"column":78}},"line":110},"17":{"name":"(anonymous_17)","decl":{"start":{"line":111,"column":17},"end":{"line":111,"column":18}},"loc":{"start":{"line":111,"column":24},"end":{"line":111,"column":40}},"line":111}},"branchMap":{"0":{"loc":{"start":{"line":48,"column":6},"end":{"line":50,"column":77}},"type":"cond-expr","locations":[{"start":{"line":49,"column":8},"end":{"line":49,"column":34}},{"start":{"line":50,"column":8},"end":{"line":50,"column":77}}],"line":48},"1":{"loc":{"start":{"line":60,"column":2},"end":{"line":60,"column":74}},"type":"if","locations":[{"start":{"line":60,"column":2},"end":{"line":60,"column":74}},{"start":{"line":60,"column":2},"end":{"line":60,"column":74}}],"line":60},"2":{"loc":{"start":{"line":72,"column":6},"end":{"line":74,"column":91}},"type":"cond-expr","locations":[{"start":{"line":73,"column":8},"end":{"line":73,"column":79}},{"start":{"line":74,"column":8},"end":{"line":74,"column":91}}],"line":72},"3":{"loc":{"start":{"line":82,"column":2},"end":{"line":98,"column":3}},"type":"if","locations":[{"start":{"line":82,"column":2},"end":{"line":98,"column":3}},{"start":{"line":82,"column":2},"end":{"line":98,"column":3}}],"line":82},"4":{"loc":{"start":{"line":90,"column":8},"end":{"line":96,"column":9}},"type":"if","locations":[{"start":{"line":90,"column":8},"end":{"line":96,"column":9}},{"start":{"line":90,"column":8},"end":{"line":96,"column":9}}],"line":90},"5":{"loc":{"start":{"line":108,"column":6},"end":{"line":114,"column":7}},"type":"if","locations":[{"start":{"line":108,"column":6},"end":{"line":114,"column":7}},{"start":{"line":108,"column":6},"end":{"line":114,"column":7}}],"line":108},"6":{"loc":{"start":{"line":108,"column":10},"end":{"line":108,"column":61}},"type":"binary-expr","locations":[{"start":{"line":108,"column":10},"end":{"line":108,"column":35}},{"start":{"line":108,"column":39},"end":{"line":108,"column":61}}],"line":108}},"s":{"0":4,"1":4,"2":4,"3":4,"4":4,"5":4,"6":1,"7":1,"8":1,"9":1,"10":0,"11":4,"12":1,"13":1,"14":1,"15":1,"16":0,"17":4,"18":1,"19":1,"20":1,"21":1,"22":0,"23":1,"24":1,"25":1,"26":1,"27":1,"28":1,"29":0,"30":4,"31":3,"32":3,"33":3,"34":0,"35":3,"36":3,"37":3,"38":1,"39":1,"40":0,"41":2,"42":4,"43":3,"44":3,"45":3,"46":3,"47":2,"48":2,"49":0,"50":1},"f":{"0":1,"1":1,"2":0,"3":1,"4":1,"5":0,"6":1,"7":1,"8":1,"9":0,"10":3,"11":3,"12":1,"13":0,"14":3,"15":3,"16":2,"17":0},"b":{"0":[1,0],"1":[0,1],"2":[0,0],"3":[0,3],"4":[1,2],"5":[2,1],"6":[3,2]},"_coverageSchema":"1a1c01bbd47fc00a2c39e90264f33305004495a9","hash":"eac9427eee54bfa5c86db4cbc1a3a53bad6ac8ee"}
,"D:\\Workspace\\Developpeur\\m2i-cda\\week8 - api\\insta-project\\controllers\\role.controller.js": {"path":"D:\\Workspace\\Developpeur\\m2i-cda\\week8 - api\\insta-project\\controllers\\role.controller.js","statementMap":{"0":{"start":{"line":1,"column":13},"end":{"line":1,"column":38}},"1":{"start":{"line":2,"column":21},"end":{"line":2,"column":57}},"2":{"start":{"line":4,"column":0},"end":{"line":11,"column":2}},"3":{"start":{"line":5,"column":2},"end":{"line":10,"column":36}},"4":{"start":{"line":9,"column":18},"end":{"line":9,"column":44}},"5":{"start":{"line":10,"column":18},"end":{"line":10,"column":34}},"6":{"start":{"line":13,"column":0},"end":{"line":19,"column":2}},"7":{"start":{"line":14,"column":13},"end":{"line":14,"column":26}},"8":{"start":{"line":16,"column":2},"end":{"line":18,"column":36}},"9":{"start":{"line":17,"column":18},"end":{"line":17,"column":44}},"10":{"start":{"line":18,"column":18},"end":{"line":18,"column":34}},"11":{"start":{"line":21,"column":0},"end":{"line":36,"column":2}},"12":{"start":{"line":22,"column":16},"end":{"line":22,"column":49}},"13":{"start":{"line":23,"column":2},"end":{"line":23,"column":87}},"14":{"start":{"line":23,"column":30},"end":{"line":23,"column":87}},"15":{"start":{"line":25,"column":19},"end":{"line":25,"column":27}},"16":{"start":{"line":27,"column":2},"end":{"line":27,"column":148}},"17":{"start":{"line":27,"column":57},"end":{"line":27,"column":148}},"18":{"start":{"line":29,"column":2},"end":{"line":35,"column":7}},"19":{"start":{"line":30,"column":20},"end":{"line":30,"column":46}},"20":{"start":{"line":32,"column":6},"end":{"line":34,"column":92}},"21":{"start":{"line":38,"column":0},"end":{"line":52,"column":2}},"22":{"start":{"line":39,"column":16},"end":{"line":39,"column":49}},"23":{"start":{"line":40,"column":2},"end":{"line":40,"column":87}},"24":{"start":{"line":40,"column":30},"end":{"line":40,"column":87}},"25":{"start":{"line":42,"column":13},"end":{"line":42,"column":26}},"26":{"start":{"line":43,"column":15},"end":{"line":43,"column":23}},"27":{"start":{"line":45,"column":2},"end":{"line":51,"column":7}},"28":{"start":{"line":46,"column":18},"end":{"line":46,"column":69}},"29":{"start":{"line":48,"column":6},"end":{"line":50,"column":92}},"30":{"start":{"line":54,"column":0},"end":{"line":63,"column":2}},"31":{"start":{"line":55,"column":16},"end":{"line":55,"column":49}},"32":{"start":{"line":56,"column":2},"end":{"line":56,"column":87}},"33":{"start":{"line":56,"column":30},"end":{"line":56,"column":87}},"34":{"start":{"line":58,"column":13},"end":{"line":58,"column":26}},"35":{"start":{"line":60,"column":2},"end":{"line":62,"column":35}},"36":{"start":{"line":61,"column":18},"end":{"line":61,"column":69}},"37":{"start":{"line":62,"column":18},"end":{"line":62,"column":34}}},"fnMap":{"0":{"name":"(anonymous_0)","decl":{"start":{"line":4,"column":18},"end":{"line":4,"column":19}},"loc":{"start":{"line":4,"column":38},"end":{"line":11,"column":1}},"line":4},"1":{"name":"(anonymous_1)","decl":{"start":{"line":9,"column":10},"end":{"line":9,"column":11}},"loc":{"start":{"line":9,"column":18},"end":{"line":9,"column":44}},"line":9},"2":{"name":"(anonymous_2)","decl":{"start":{"line":10,"column":11},"end":{"line":10,"column":12}},"loc":{"start":{"line":10,"column":18},"end":{"line":10,"column":34}},"line":10},"3":{"name":"(anonymous_3)","decl":{"start":{"line":13,"column":19},"end":{"line":13,"column":20}},"loc":{"start":{"line":13,"column":39},"end":{"line":19,"column":1}},"line":13},"4":{"name":"(anonymous_4)","decl":{"start":{"line":17,"column":10},"end":{"line":17,"column":11}},"loc":{"start":{"line":17,"column":18},"end":{"line":17,"column":44}},"line":17},"5":{"name":"(anonymous_5)","decl":{"start":{"line":18,"column":11},"end":{"line":18,"column":12}},"loc":{"start":{"line":18,"column":18},"end":{"line":18,"column":34}},"line":18},"6":{"name":"(anonymous_6)","decl":{"start":{"line":21,"column":17},"end":{"line":21,"column":18}},"loc":{"start":{"line":21,"column":37},"end":{"line":36,"column":1}},"line":21},"7":{"name":"(anonymous_7)","decl":{"start":{"line":30,"column":10},"end":{"line":30,"column":11}},"loc":{"start":{"line":30,"column":18},"end":{"line":30,"column":48}},"line":30},"8":{"name":"(anonymous_8)","decl":{"start":{"line":31,"column":11},"end":{"line":31,"column":12}},"loc":{"start":{"line":31,"column":18},"end":{"line":35,"column":5}},"line":31},"9":{"name":"(anonymous_9)","decl":{"start":{"line":38,"column":21},"end":{"line":38,"column":22}},"loc":{"start":{"line":38,"column":41},"end":{"line":52,"column":1}},"line":38},"10":{"name":"(anonymous_10)","decl":{"start":{"line":46,"column":10},"end":{"line":46,"column":11}},"loc":{"start":{"line":46,"column":16},"end":{"line":46,"column":71}},"line":46},"11":{"name":"(anonymous_11)","decl":{"start":{"line":47,"column":11},"end":{"line":47,"column":12}},"loc":{"start":{"line":47,"column":18},"end":{"line":51,"column":5}},"line":47},"12":{"name":"(anonymous_12)","decl":{"start":{"line":54,"column":22},"end":{"line":54,"column":23}},"loc":{"start":{"line":54,"column":42},"end":{"line":63,"column":1}},"line":54},"13":{"name":"(anonymous_13)","decl":{"start":{"line":61,"column":10},"end":{"line":61,"column":11}},"loc":{"start":{"line":61,"column":18},"end":{"line":61,"column":69}},"line":61},"14":{"name":"(anonymous_14)","decl":{"start":{"line":62,"column":11},"end":{"line":62,"column":12}},"loc":{"start":{"line":62,"column":18},"end":{"line":62,"column":34}},"line":62}},"branchMap":{"0":{"loc":{"start":{"line":23,"column":2},"end":{"line":23,"column":87}},"type":"if","locations":[{"start":{"line":23,"column":2},"end":{"line":23,"column":87}},{"start":{"line":23,"column":2},"end":{"line":23,"column":87}}],"line":23},"1":{"loc":{"start":{"line":27,"column":2},"end":{"line":27,"column":148}},"type":"if","locations":[{"start":{"line":27,"column":2},"end":{"line":27,"column":148}},{"start":{"line":27,"column":2},"end":{"line":27,"column":148}}],"line":27},"2":{"loc":{"start":{"line":27,"column":6},"end":{"line":27,"column":55}},"type":"binary-expr","locations":[{"start":{"line":27,"column":6},"end":{"line":27,"column":20}},{"start":{"line":27,"column":24},"end":{"line":27,"column":55}}],"line":27},"3":{"loc":{"start":{"line":32,"column":6},"end":{"line":34,"column":91}},"type":"cond-expr","locations":[{"start":{"line":33,"column":8},"end":{"line":33,"column":79}},{"start":{"line":34,"column":8},"end":{"line":34,"column":91}}],"line":32},"4":{"loc":{"start":{"line":40,"column":2},"end":{"line":40,"column":87}},"type":"if","locations":[{"start":{"line":40,"column":2},"end":{"line":40,"column":87}},{"start":{"line":40,"column":2},"end":{"line":40,"column":87}}],"line":40},"5":{"loc":{"start":{"line":48,"column":6},"end":{"line":50,"column":91}},"type":"cond-expr","locations":[{"start":{"line":49,"column":8},"end":{"line":49,"column":79}},{"start":{"line":50,"column":8},"end":{"line":50,"column":91}}],"line":48},"6":{"loc":{"start":{"line":56,"column":2},"end":{"line":56,"column":87}},"type":"if","locations":[{"start":{"line":56,"column":2},"end":{"line":56,"column":87}},{"start":{"line":56,"column":2},"end":{"line":56,"column":87}}],"line":56}},"s":{"0":4,"1":4,"2":4,"3":1,"4":1,"5":0,"6":4,"7":1,"8":1,"9":1,"10":0,"11":4,"12":3,"13":3,"14":1,"15":2,"16":2,"17":0,"18":2,"19":1,"20":1,"21":4,"22":3,"23":3,"24":1,"25":2,"26":2,"27":2,"28":1,"29":1,"30":4,"31":2,"32":2,"33":1,"34":1,"35":1,"36":1,"37":0},"f":{"0":1,"1":1,"2":0,"3":1,"4":1,"5":0,"6":3,"7":1,"8":1,"9":3,"10":1,"11":1,"12":2,"13":1,"14":0},"b":{"0":[1,2],"1":[0,2],"2":[2,2],"3":[1,0],"4":[1,2],"5":[1,0],"6":[1,1]},"_coverageSchema":"1a1c01bbd47fc00a2c39e90264f33305004495a9","hash":"9ee1379ba762ea4c7e019b8af8ef345825691f4f"}
,"D:\\Workspace\\Developpeur\\m2i-cda\\week8 - api\\insta-project\\controllers\\user.controller.js": {"path":"D:\\Workspace\\Developpeur\\m2i-cda\\week8 - api\\insta-project\\controllers\\user.controller.js","statementMap":{"0":{"start":{"line":1,"column":13},"end":{"line":1,"column":38}},"1":{"start":{"line":2,"column":16},"end":{"line":2,"column":44}},"2":{"start":{"line":3,"column":16},"end":{"line":3,"column":44}},"3":{"start":{"line":4,"column":13},"end":{"line":4,"column":38}},"4":{"start":{"line":5,"column":15},"end":{"line":5,"column":32}},"5":{"start":{"line":6,"column":21},"end":{"line":6,"column":57}},"6":{"start":{"line":8,"column":0},"end":{"line":31,"column":2}},"7":{"start":{"line":9,"column":2},"end":{"line":30,"column":36}},"8":{"start":{"line":29,"column":18},"end":{"line":29,"column":44}},"9":{"start":{"line":30,"column":18},"end":{"line":30,"column":34}},"10":{"start":{"line":33,"column":0},"end":{"line":59,"column":2}},"11":{"start":{"line":34,"column":13},"end":{"line":34,"column":26}},"12":{"start":{"line":36,"column":2},"end":{"line":58,"column":36}},"13":{"start":{"line":57,"column":18},"end":{"line":57,"column":44}},"14":{"start":{"line":58,"column":18},"end":{"line":58,"column":34}},"15":{"start":{"line":61,"column":0},"end":{"line":76,"column":2}},"16":{"start":{"line":62,"column":2},"end":{"line":75,"column":5}},"17":{"start":{"line":63,"column":4},"end":{"line":63,"column":23}},"18":{"start":{"line":63,"column":13},"end":{"line":63,"column":23}},"19":{"start":{"line":65,"column":15},"end":{"line":65,"column":23}},"20":{"start":{"line":66,"column":4},"end":{"line":66,"column":25}},"21":{"start":{"line":68,"column":4},"end":{"line":74,"column":9}},"22":{"start":{"line":69,"column":22},"end":{"line":69,"column":48}},"23":{"start":{"line":71,"column":8},"end":{"line":73,"column":94}},"24":{"start":{"line":78,"column":0},"end":{"line":95,"column":2}},"25":{"start":{"line":79,"column":16},"end":{"line":79,"column":49}},"26":{"start":{"line":80,"column":13},"end":{"line":80,"column":26}},"27":{"start":{"line":81,"column":15},"end":{"line":81,"column":23}},"28":{"start":{"line":82,"column":2},"end":{"line":82,"column":62}},"29":{"start":{"line":83,"column":2},"end":{"line":94,"column":3}},"30":{"start":{"line":84,"column":4},"end":{"line":84,"column":105}},"31":{"start":{"line":85,"column":4},"end":{"line":85,"column":61}},"32":{"start":{"line":87,"column":4},"end":{"line":93,"column":9}},"33":{"start":{"line":88,"column":20},"end":{"line":88,"column":69}},"34":{"start":{"line":90,"column":8},"end":{"line":92,"column":94}},"35":{"start":{"line":97,"column":0},"end":{"line":109,"column":2}},"36":{"start":{"line":98,"column":16},"end":{"line":98,"column":49}},"37":{"start":{"line":99,"column":13},"end":{"line":99,"column":26}},"38":{"start":{"line":101,"column":2},"end":{"line":108,"column":3}},"39":{"start":{"line":102,"column":4},"end":{"line":102,"column":105}},"40":{"start":{"line":103,"column":4},"end":{"line":103,"column":61}},"41":{"start":{"line":105,"column":4},"end":{"line":107,"column":38}},"42":{"start":{"line":106,"column":20},"end":{"line":106,"column":69}},"43":{"start":{"line":107,"column":20},"end":{"line":107,"column":36}},"44":{"start":{"line":111,"column":0},"end":{"line":135,"column":2}},"45":{"start":{"line":112,"column":2},"end":{"line":112,"column":57}},"46":{"start":{"line":113,"column":2},"end":{"line":134,"column":54}},"47":{"start":{"line":118,"column":6},"end":{"line":132,"column":7}},"48":{"start":{"line":119,"column":8},"end":{"line":128,"column":10}},"49":{"start":{"line":120,"column":10},"end":{"line":127,"column":11}},"50":{"start":{"line":120,"column":21},"end":{"line":120,"column":54}},"51":{"start":{"line":122,"column":12},"end":{"line":126,"column":82}},"52":{"start":{"line":123,"column":28},"end":{"line":123,"column":60}},"53":{"start":{"line":124,"column":14},"end":{"line":124,"column":45}},"54":{"start":{"line":125,"column":14},"end":{"line":125,"column":53}},"55":{"start":{"line":126,"column":21},"end":{"line":126,"column":80}},"56":{"start":{"line":131,"column":8},"end":{"line":131,"column":59}},"57":{"start":{"line":134,"column":22},"end":{"line":134,"column":50}}},"fnMap":{"0":{"name":"(anonymous_0)","decl":{"start":{"line":8,"column":18},"end":{"line":8,"column":19}},"loc":{"start":{"line":8,"column":38},"end":{"line":31,"column":1}},"line":8},"1":{"name":"(anonymous_1)","decl":{"start":{"line":29,"column":10},"end":{"line":29,"column":11}},"loc":{"start":{"line":29,"column":18},"end":{"line":29,"column":44}},"line":29},"2":{"name":"(anonymous_2)","decl":{"start":{"line":30,"column":11},"end":{"line":30,"column":12}},"loc":{"start":{"line":30,"column":18},"end":{"line":30,"column":34}},"line":30},"3":{"name":"(anonymous_3)","decl":{"start":{"line":33,"column":19},"end":{"line":33,"column":20}},"loc":{"start":{"line":33,"column":39},"end":{"line":59,"column":1}},"line":33},"4":{"name":"(anonymous_4)","decl":{"start":{"line":57,"column":10},"end":{"line":57,"column":11}},"loc":{"start":{"line":57,"column":18},"end":{"line":57,"column":44}},"line":57},"5":{"name":"(anonymous_5)","decl":{"start":{"line":58,"column":11},"end":{"line":58,"column":12}},"loc":{"start":{"line":58,"column":18},"end":{"line":58,"column":34}},"line":58},"6":{"name":"(anonymous_6)","decl":{"start":{"line":61,"column":17},"end":{"line":61,"column":18}},"loc":{"start":{"line":61,"column":37},"end":{"line":76,"column":1}},"line":61},"7":{"name":"(anonymous_7)","decl":{"start":{"line":62,"column":37},"end":{"line":62,"column":38}},"loc":{"start":{"line":62,"column":52},"end":{"line":75,"column":3}},"line":62},"8":{"name":"(anonymous_8)","decl":{"start":{"line":69,"column":12},"end":{"line":69,"column":13}},"loc":{"start":{"line":69,"column":20},"end":{"line":69,"column":50}},"line":69},"9":{"name":"(anonymous_9)","decl":{"start":{"line":70,"column":13},"end":{"line":70,"column":14}},"loc":{"start":{"line":70,"column":20},"end":{"line":74,"column":7}},"line":70},"10":{"name":"(anonymous_10)","decl":{"start":{"line":78,"column":21},"end":{"line":78,"column":22}},"loc":{"start":{"line":78,"column":41},"end":{"line":95,"column":1}},"line":78},"11":{"name":"(anonymous_11)","decl":{"start":{"line":88,"column":12},"end":{"line":88,"column":13}},"loc":{"start":{"line":88,"column":18},"end":{"line":88,"column":71}},"line":88},"12":{"name":"(anonymous_12)","decl":{"start":{"line":89,"column":13},"end":{"line":89,"column":14}},"loc":{"start":{"line":89,"column":20},"end":{"line":93,"column":7}},"line":89},"13":{"name":"(anonymous_13)","decl":{"start":{"line":97,"column":22},"end":{"line":97,"column":23}},"loc":{"start":{"line":97,"column":42},"end":{"line":109,"column":1}},"line":97},"14":{"name":"(anonymous_14)","decl":{"start":{"line":106,"column":12},"end":{"line":106,"column":13}},"loc":{"start":{"line":106,"column":20},"end":{"line":106,"column":69}},"line":106},"15":{"name":"(anonymous_15)","decl":{"start":{"line":107,"column":13},"end":{"line":107,"column":14}},"loc":{"start":{"line":107,"column":20},"end":{"line":107,"column":36}},"line":107},"16":{"name":"(anonymous_16)","decl":{"start":{"line":111,"column":26},"end":{"line":111,"column":27}},"loc":{"start":{"line":111,"column":46},"end":{"line":135,"column":1}},"line":111},"17":{"name":"(anonymous_17)","decl":{"start":{"line":117,"column":10},"end":{"line":117,"column":11}},"loc":{"start":{"line":117,"column":18},"end":{"line":133,"column":5}},"line":117},"18":{"name":"(anonymous_18)","decl":{"start":{"line":119,"column":57},"end":{"line":119,"column":58}},"loc":{"start":{"line":119,"column":74},"end":{"line":128,"column":9}},"line":119},"19":{"name":"(anonymous_19)","decl":{"start":{"line":134,"column":11},"end":{"line":134,"column":12}},"loc":{"start":{"line":134,"column":20},"end":{"line":134,"column":52}},"line":134}},"branchMap":{"0":{"loc":{"start":{"line":63,"column":4},"end":{"line":63,"column":23}},"type":"if","locations":[{"start":{"line":63,"column":4},"end":{"line":63,"column":23}},{"start":{"line":63,"column":4},"end":{"line":63,"column":23}}],"line":63},"1":{"loc":{"start":{"line":71,"column":8},"end":{"line":73,"column":93}},"type":"cond-expr","locations":[{"start":{"line":72,"column":10},"end":{"line":72,"column":81}},{"start":{"line":73,"column":10},"end":{"line":73,"column":93}}],"line":71},"2":{"loc":{"start":{"line":83,"column":2},"end":{"line":94,"column":3}},"type":"if","locations":[{"start":{"line":83,"column":2},"end":{"line":94,"column":3}},{"start":{"line":83,"column":2},"end":{"line":94,"column":3}}],"line":83},"3":{"loc":{"start":{"line":83,"column":6},"end":{"line":83,"column":45}},"type":"binary-expr","locations":[{"start":{"line":83,"column":6},"end":{"line":83,"column":20}},{"start":{"line":83,"column":24},"end":{"line":83,"column":45}}],"line":83},"4":{"loc":{"start":{"line":90,"column":8},"end":{"line":92,"column":93}},"type":"cond-expr","locations":[{"start":{"line":91,"column":10},"end":{"line":91,"column":81}},{"start":{"line":92,"column":10},"end":{"line":92,"column":93}}],"line":90},"5":{"loc":{"start":{"line":101,"column":2},"end":{"line":108,"column":3}},"type":"if","locations":[{"start":{"line":101,"column":2},"end":{"line":108,"column":3}},{"start":{"line":101,"column":2},"end":{"line":108,"column":3}}],"line":101},"6":{"loc":{"start":{"line":101,"column":6},"end":{"line":101,"column":45}},"type":"binary-expr","locations":[{"start":{"line":101,"column":6},"end":{"line":101,"column":20}},{"start":{"line":101,"column":24},"end":{"line":101,"column":45}}],"line":101},"7":{"loc":{"start":{"line":118,"column":6},"end":{"line":132,"column":7}},"type":"if","locations":[{"start":{"line":118,"column":6},"end":{"line":132,"column":7}},{"start":{"line":118,"column":6},"end":{"line":132,"column":7}}],"line":118},"8":{"loc":{"start":{"line":120,"column":10},"end":{"line":127,"column":11}},"type":"if","locations":[{"start":{"line":120,"column":10},"end":{"line":127,"column":11}},{"start":{"line":120,"column":10},"end":{"line":127,"column":11}}],"line":120},"9":{"loc":{"start":{"line":122,"column":12},"end":{"line":126,"column":82}},"type":"if","locations":[{"start":{"line":122,"column":12},"end":{"line":126,"column":82}},{"start":{"line":122,"column":12},"end":{"line":126,"column":82}}],"line":122}},"s":{"0":4,"1":4,"2":4,"3":4,"4":4,"5":4,"6":4,"7":1,"8":1,"9":0,"10":4,"11":1,"12":1,"13":1,"14":0,"15":4,"16":4,"17":4,"18":0,"19":4,"20":4,"21":4,"22":1,"23":3,"24":4,"25":5,"26":5,"27":5,"28":5,"29":5,"30":1,"31":1,"32":4,"33":2,"34":2,"35":4,"36":3,"37":3,"38":3,"39":1,"40":1,"41":2,"42":2,"43":0,"44":4,"45":3,"46":3,"47":3,"48":2,"49":2,"50":0,"51":2,"52":1,"53":1,"54":1,"55":1,"56":1,"57":0},"f":{"0":1,"1":1,"2":0,"3":1,"4":1,"5":0,"6":4,"7":4,"8":1,"9":3,"10":5,"11":2,"12":2,"13":3,"14":2,"15":0,"16":3,"17":3,"18":2,"19":0},"b":{"0":[0,4],"1":[2,1],"2":[1,4],"3":[5,4],"4":[2,0],"5":[1,2],"6":[3,2],"7":[2,1],"8":[0,2],"9":[1,1]},"_coverageSchema":"1a1c01bbd47fc00a2c39e90264f33305004495a9","hash":"459c3cec0223f9ad6f233df6c508191a83fff6d5"}
,"D:\\Workspace\\Developpeur\\m2i-cda\\week8 - api\\insta-project\\middleware\\auth.js": {"path":"D:\\Workspace\\Developpeur\\m2i-cda\\week8 - api\\insta-project\\middleware\\auth.js","statementMap":{"0":{"start":{"line":1,"column":12},"end":{"line":1,"column":35}},"1":{"start":{"line":3,"column":0},"end":{"line":23,"column":1}},"2":{"start":{"line":4,"column":2},"end":{"line":22,"column":3}},"3":{"start":{"line":5,"column":4},"end":{"line":21,"column":5}},"4":{"start":{"line":6,"column":20},"end":{"line":6,"column":59}},"5":{"start":{"line":7,"column":6},"end":{"line":17,"column":7}},"6":{"start":{"line":8,"column":8},"end":{"line":14,"column":9}},"7":{"start":{"line":9,"column":10},"end":{"line":9,"column":17}},"8":{"start":{"line":12,"column":10},"end":{"line":12,"column":31}},"9":{"start":{"line":13,"column":10},"end":{"line":13,"column":69}},"10":{"start":{"line":16,"column":8},"end":{"line":16,"column":67}},"11":{"start":{"line":20,"column":6},"end":{"line":20,"column":65}}},"fnMap":{"0":{"name":"(anonymous_0)","decl":{"start":{"line":3,"column":17},"end":{"line":3,"column":18}},"loc":{"start":{"line":3,"column":23},"end":{"line":23,"column":1}},"line":3},"1":{"name":"(anonymous_1)","decl":{"start":{"line":4,"column":9},"end":{"line":4,"column":10}},"loc":{"start":{"line":4,"column":29},"end":{"line":22,"column":3}},"line":4}},"branchMap":{"0":{"loc":{"start":{"line":5,"column":4},"end":{"line":21,"column":5}},"type":"if","locations":[{"start":{"line":5,"column":4},"end":{"line":21,"column":5}},{"start":{"line":5,"column":4},"end":{"line":21,"column":5}}],"line":5},"1":{"loc":{"start":{"line":8,"column":8},"end":{"line":14,"column":9}},"type":"if","locations":[{"start":{"line":8,"column":8},"end":{"line":14,"column":9}},{"start":{"line":8,"column":8},"end":{"line":14,"column":9}}],"line":8}},"s":{"0":4,"1":4,"2":44,"3":43,"4":32,"5":32,"6":32,"7":32,"8":0,"9":0,"10":0,"11":11},"f":{"0":44,"1":43},"b":{"0":[32,11],"1":[32,0]},"_coverageSchema":"1a1c01bbd47fc00a2c39e90264f33305004495a9","hash":"d6e50dd70e1152a10fa62cc1e2628836ea04e667"}
,"D:\\Workspace\\Developpeur\\m2i-cda\\week8 - api\\insta-project\\models\\comment.js": {"path":"D:\\Workspace\\Developpeur\\m2i-cda\\week8 - api\\insta-project\\models\\comment.js","statementMap":{"0":{"start":{"line":4,"column":4},"end":{"line":4,"column":24}},"1":{"start":{"line":5,"column":0},"end":{"line":25,"column":2}},"2":{"start":{"line":14,"column":6},"end":{"line":14,"column":37}},"3":{"start":{"line":15,"column":6},"end":{"line":15,"column":80}},"4":{"start":{"line":18,"column":2},"end":{"line":23,"column":5}},"5":{"start":{"line":24,"column":2},"end":{"line":24,"column":17}}},"fnMap":{"0":{"name":"(anonymous_0)","decl":{"start":{"line":5,"column":17},"end":{"line":5,"column":18}},"loc":{"start":{"line":5,"column":43},"end":{"line":25,"column":1}},"line":5},"1":{"name":"(anonymous_1)","decl":{"start":{"line":12,"column":4},"end":{"line":12,"column":5}},"loc":{"start":{"line":12,"column":29},"end":{"line":16,"column":5}},"line":12}},"branchMap":{},"s":{"0":4,"1":4,"2":4,"3":4,"4":4,"5":4},"f":{"0":4,"1":4},"b":{},"_coverageSchema":"1a1c01bbd47fc00a2c39e90264f33305004495a9","hash":"eb939874e2c5321d4686774b26b8f0cb785662a5"}
,"D:\\Workspace\\Developpeur\\m2i-cda\\week8 - api\\insta-project\\models\\index.js": {"path":"D:\\Workspace\\Developpeur\\m2i-cda\\week8 - api\\insta-project\\models\\index.js","statementMap":{"0":{"start":{"line":3,"column":11},"end":{"line":3,"column":24}},"1":{"start":{"line":4,"column":13},"end":{"line":4,"column":28}},"2":{"start":{"line":5,"column":18},"end":{"line":5,"column":38}},"3":{"start":{"line":6,"column":17},"end":{"line":6,"column":42}},"4":{"start":{"line":7,"column":12},"end":{"line":7,"column":49}},"5":{"start":{"line":8,"column":15},"end":{"line":8,"column":63}},"6":{"start":{"line":9,"column":11},"end":{"line":9,"column":13}},"7":{"start":{"line":12,"column":0},"end":{"line":16,"column":1}},"8":{"start":{"line":13,"column":2},"end":{"line":13,"column":74}},"9":{"start":{"line":15,"column":2},"end":{"line":15,"column":87}},"10":{"start":{"line":18,"column":0},"end":{"line":26,"column":5}},"11":{"start":{"line":21,"column":4},"end":{"line":21,"column":90}},"12":{"start":{"line":24,"column":18},"end":{"line":24,"column":85}},"13":{"start":{"line":25,"column":4},"end":{"line":25,"column":27}},"14":{"start":{"line":28,"column":0},"end":{"line":32,"column":3}},"15":{"start":{"line":29,"column":2},"end":{"line":31,"column":3}},"16":{"start":{"line":30,"column":4},"end":{"line":30,"column":32}},"17":{"start":{"line":34,"column":0},"end":{"line":34,"column":25}},"18":{"start":{"line":35,"column":0},"end":{"line":35,"column":25}},"19":{"start":{"line":37,"column":0},"end":{"line":37,"column":20}}},"fnMap":{"0":{"name":"(anonymous_0)","decl":{"start":{"line":20,"column":10},"end":{"line":20,"column":11}},"loc":{"start":{"line":20,"column":18},"end":{"line":22,"column":3}},"line":20},"1":{"name":"(anonymous_1)","decl":{"start":{"line":23,"column":11},"end":{"line":23,"column":12}},"loc":{"start":{"line":23,"column":19},"end":{"line":26,"column":3}},"line":23},"2":{"name":"(anonymous_2)","decl":{"start":{"line":28,"column":24},"end":{"line":28,"column":25}},"loc":{"start":{"line":28,"column":37},"end":{"line":32,"column":1}},"line":28}},"branchMap":{"0":{"loc":{"start":{"line":7,"column":12},"end":{"line":7,"column":49}},"type":"binary-expr","locations":[{"start":{"line":7,"column":12},"end":{"line":7,"column":32}},{"start":{"line":7,"column":36},"end":{"line":7,"column":49}}],"line":7},"1":{"loc":{"start":{"line":12,"column":0},"end":{"line":16,"column":1}},"type":"if","locations":[{"start":{"line":12,"column":0},"end":{"line":16,"column":1}},{"start":{"line":12,"column":0},"end":{"line":16,"column":1}}],"line":12},"2":{"loc":{"start":{"line":21,"column":11},"end":{"line":21,"column":89}},"type":"binary-expr","locations":[{"start":{"line":21,"column":12},"end":{"line":21,"column":35}},{"start":{"line":21,"column":41},"end":{"line":21,"column":58}},{"start":{"line":21,"column":64},"end":{"line":21,"column":88}}],"line":21},"3":{"loc":{"start":{"line":29,"column":2},"end":{"line":31,"column":3}},"type":"if","locations":[{"start":{"line":29,"column":2},"end":{"line":31,"column":3}},{"start":{"line":29,"column":2},"end":{"line":31,"column":3}}],"line":29}},"s":{"0":4,"1":4,"2":4,"3":4,"4":4,"5":4,"6":4,"7":4,"8":0,"9":4,"10":4,"11":28,"12":24,"13":24,"14":4,"15":24,"16":24,"17":4,"18":4,"19":4},"f":{"0":28,"1":24,"2":24},"b":{"0":[4,0],"1":[0,4],"2":[28,28,24],"3":[24,0]},"_coverageSchema":"1a1c01bbd47fc00a2c39e90264f33305004495a9","hash":"e404cf05fceb8b4c500c73a700d04bae9659070d"}
,"D:\\Workspace\\Developpeur\\m2i-cda\\week8 - api\\insta-project\\models\\picture.js": {"path":"D:\\Workspace\\Developpeur\\m2i-cda\\week8 - api\\insta-project\\models\\picture.js","statementMap":{"0":{"start":{"line":4,"column":4},"end":{"line":4,"column":24}},"1":{"start":{"line":5,"column":0},"end":{"line":30,"column":2}},"2":{"start":{"line":14,"column":6},"end":{"line":14,"column":74}},"3":{"start":{"line":15,"column":6},"end":{"line":15,"column":80}},"4":{"start":{"line":16,"column":6},"end":{"line":16,"column":45}},"5":{"start":{"line":19,"column":2},"end":{"line":28,"column":5}},"6":{"start":{"line":29,"column":2},"end":{"line":29,"column":17}}},"fnMap":{"0":{"name":"(anonymous_0)","decl":{"start":{"line":5,"column":17},"end":{"line":5,"column":18}},"loc":{"start":{"line":5,"column":43},"end":{"line":30,"column":1}},"line":5},"1":{"name":"(anonymous_1)","decl":{"start":{"line":12,"column":4},"end":{"line":12,"column":5}},"loc":{"start":{"line":12,"column":29},"end":{"line":17,"column":5}},"line":12}},"branchMap":{},"s":{"0":4,"1":4,"2":4,"3":4,"4":4,"5":4,"6":4},"f":{"0":4,"1":4},"b":{},"_coverageSchema":"1a1c01bbd47fc00a2c39e90264f33305004495a9","hash":"f9bb382dc23307109a0ccbcbc085ac8c180b3f04"}
,"D:\\Workspace\\Developpeur\\m2i-cda\\week8 - api\\insta-project\\models\\picturecomment.js": {"path":"D:\\Workspace\\Developpeur\\m2i-cda\\week8 - api\\insta-project\\models\\picturecomment.js","statementMap":{"0":{"start":{"line":4,"column":4},"end":{"line":4,"column":24}},"1":{"start":{"line":5,"column":0},"end":{"line":26,"column":2}},"2":{"start":{"line":14,"column":6},"end":{"line":14,"column":47}},"3":{"start":{"line":15,"column":6},"end":{"line":15,"column":47}},"4":{"start":{"line":18,"column":2},"end":{"line":24,"column":5}},"5":{"start":{"line":25,"column":2},"end":{"line":25,"column":24}}},"fnMap":{"0":{"name":"(anonymous_0)","decl":{"start":{"line":5,"column":17},"end":{"line":5,"column":18}},"loc":{"start":{"line":5,"column":43},"end":{"line":26,"column":1}},"line":5},"1":{"name":"(anonymous_1)","decl":{"start":{"line":12,"column":4},"end":{"line":12,"column":5}},"loc":{"start":{"line":12,"column":29},"end":{"line":16,"column":5}},"line":12}},"branchMap":{},"s":{"0":4,"1":4,"2":4,"3":4,"4":4,"5":4},"f":{"0":4,"1":4},"b":{},"_coverageSchema":"1a1c01bbd47fc00a2c39e90264f33305004495a9","hash":"c2cff873200378f4c6a841be4211d57786415233"}
,"D:\\Workspace\\Developpeur\\m2i-cda\\week8 - api\\insta-project\\models\\role.js": {"path":"D:\\Workspace\\Developpeur\\m2i-cda\\week8 - api\\insta-project\\models\\role.js","statementMap":{"0":{"start":{"line":4,"column":4},"end":{"line":4,"column":24}},"1":{"start":{"line":5,"column":0},"end":{"line":24,"column":2}},"2":{"start":{"line":14,"column":6},"end":{"line":14,"column":32}},"3":{"start":{"line":17,"column":2},"end":{"line":22,"column":5}},"4":{"start":{"line":23,"column":2},"end":{"line":23,"column":14}}},"fnMap":{"0":{"name":"(anonymous_0)","decl":{"start":{"line":5,"column":17},"end":{"line":5,"column":18}},"loc":{"start":{"line":5,"column":43},"end":{"line":24,"column":1}},"line":5},"1":{"name":"(anonymous_1)","decl":{"start":{"line":12,"column":4},"end":{"line":12,"column":5}},"loc":{"start":{"line":12,"column":29},"end":{"line":15,"column":5}},"line":12}},"branchMap":{},"s":{"0":4,"1":4,"2":4,"3":4,"4":4},"f":{"0":4,"1":4},"b":{},"_coverageSchema":"1a1c01bbd47fc00a2c39e90264f33305004495a9","hash":"d785df8bbdf5252a2bb5e1228ed7986d9fcb974e"}
,"D:\\Workspace\\Developpeur\\m2i-cda\\week8 - api\\insta-project\\models\\user.js": {"path":"D:\\Workspace\\Developpeur\\m2i-cda\\week8 - api\\insta-project\\models\\user.js","statementMap":{"0":{"start":{"line":4,"column":4},"end":{"line":4,"column":24}},"1":{"start":{"line":5,"column":0},"end":{"line":37,"column":2}},"2":{"start":{"line":14,"column":6},"end":{"line":14,"column":34}},"3":{"start":{"line":15,"column":6},"end":{"line":15,"column":35}},"4":{"start":{"line":16,"column":6},"end":{"line":16,"column":74}},"5":{"start":{"line":17,"column":6},"end":{"line":17,"column":39}},"6":{"start":{"line":20,"column":2},"end":{"line":35,"column":5}},"7":{"start":{"line":36,"column":2},"end":{"line":36,"column":14}}},"fnMap":{"0":{"name":"(anonymous_0)","decl":{"start":{"line":5,"column":17},"end":{"line":5,"column":18}},"loc":{"start":{"line":5,"column":43},"end":{"line":37,"column":1}},"line":5},"1":{"name":"(anonymous_1)","decl":{"start":{"line":12,"column":4},"end":{"line":12,"column":5}},"loc":{"start":{"line":12,"column":29},"end":{"line":18,"column":5}},"line":12}},"branchMap":{},"s":{"0":4,"1":4,"2":4,"3":4,"4":4,"5":4,"6":4,"7":4},"f":{"0":4,"1":4},"b":{},"_coverageSchema":"1a1c01bbd47fc00a2c39e90264f33305004495a9","hash":"bb15907c2343b5a4f254a5aaacec6321d0b42fe4"}
,"D:\\Workspace\\Developpeur\\m2i-cda\\week8 - api\\insta-project\\models\\userpicture.js": {"path":"D:\\Workspace\\Developpeur\\m2i-cda\\week8 - api\\insta-project\\models\\userpicture.js","statementMap":{"0":{"start":{"line":4,"column":4},"end":{"line":4,"column":24}},"1":{"start":{"line":5,"column":0},"end":{"line":26,"column":2}},"2":{"start":{"line":14,"column":6},"end":{"line":14,"column":41}},"3":{"start":{"line":15,"column":6},"end":{"line":15,"column":44}},"4":{"start":{"line":18,"column":2},"end":{"line":24,"column":5}},"5":{"start":{"line":25,"column":2},"end":{"line":25,"column":21}}},"fnMap":{"0":{"name":"(anonymous_0)","decl":{"start":{"line":5,"column":17},"end":{"line":5,"column":18}},"loc":{"start":{"line":5,"column":43},"end":{"line":26,"column":1}},"line":5},"1":{"name":"(anonymous_1)","decl":{"start":{"line":12,"column":4},"end":{"line":12,"column":5}},"loc":{"start":{"line":12,"column":29},"end":{"line":16,"column":5}},"line":12}},"branchMap":{},"s":{"0":4,"1":4,"2":4,"3":4,"4":4,"5":4},"f":{"0":4,"1":4},"b":{},"_coverageSchema":"1a1c01bbd47fc00a2c39e90264f33305004495a9","hash":"d7812a0f3aeda99dfdd3c3e67ca9e4383c887205"}
,"D:\\Workspace\\Developpeur\\m2i-cda\\week8 - api\\insta-project\\routes\\comment.router.js": {"path":"D:\\Workspace\\Developpeur\\m2i-cda\\week8 - api\\insta-project\\routes\\comment.router.js","statementMap":{"0":{"start":{"line":1,"column":16},"end":{"line":1,"column":34}},"1":{"start":{"line":2,"column":19},"end":{"line":2,"column":63}},"2":{"start":{"line":3,"column":13},"end":{"line":3,"column":42}},"3":{"start":{"line":5,"column":15},"end":{"line":5,"column":31}},"4":{"start":{"line":7,"column":0},"end":{"line":7,"column":36}},"5":{"start":{"line":8,"column":0},"end":{"line":8,"column":40}},"6":{"start":{"line":9,"column":0},"end":{"line":9,"column":44}},"7":{"start":{"line":10,"column":0},"end":{"line":10,"column":50}},"8":{"start":{"line":11,"column":0},"end":{"line":11,"column":54}},"9":{"start":{"line":13,"column":0},"end":{"line":13,"column":24}}},"fnMap":{},"branchMap":{},"s":{"0":4,"1":4,"2":4,"3":4,"4":4,"5":4,"6":4,"7":4,"8":4,"9":4},"f":{},"b":{},"_coverageSchema":"1a1c01bbd47fc00a2c39e90264f33305004495a9","hash":"cb1762b5feef765dd503b15a8138c3bb3b563a32"}
,"D:\\Workspace\\Developpeur\\m2i-cda\\week8 - api\\insta-project\\routes\\picture.router.js": {"path":"D:\\Workspace\\Developpeur\\m2i-cda\\week8 - api\\insta-project\\routes\\picture.router.js","statementMap":{"0":{"start":{"line":1,"column":16},"end":{"line":1,"column":34}},"1":{"start":{"line":2,"column":13},"end":{"line":2,"column":28}},"2":{"start":{"line":3,"column":19},"end":{"line":3,"column":63}},"3":{"start":{"line":4,"column":13},"end":{"line":4,"column":42}},"4":{"start":{"line":5,"column":20},"end":{"line":5,"column":56}},"5":{"start":{"line":7,"column":15},"end":{"line":7,"column":31}},"6":{"start":{"line":10,"column":15},"end":{"line":10,"column":32}},"7":{"start":{"line":12,"column":12},"end":{"line":12,"column":24}},"8":{"start":{"line":14,"column":14},"end":{"line":23,"column":2}},"9":{"start":{"line":16,"column":4},"end":{"line":16,"column":18}},"10":{"start":{"line":19,"column":18},"end":{"line":19,"column":50}},"11":{"start":{"line":20,"column":25},"end":{"line":20,"column":84}},"12":{"start":{"line":21,"column":4},"end":{"line":21,"column":120}},"13":{"start":{"line":25,"column":13},"end":{"line":25,"column":41}},"14":{"start":{"line":27,"column":0},"end":{"line":27,"column":36}},"15":{"start":{"line":28,"column":0},"end":{"line":28,"column":40}},"16":{"start":{"line":29,"column":0},"end":{"line":29,"column":70}},"17":{"start":{"line":30,"column":0},"end":{"line":30,"column":50}},"18":{"start":{"line":31,"column":0},"end":{"line":31,"column":54}},"19":{"start":{"line":33,"column":0},"end":{"line":33,"column":24}}},"fnMap":{"0":{"name":"(anonymous_0)","decl":{"start":{"line":15,"column":15},"end":{"line":15,"column":16}},"loc":{"start":{"line":15,"column":34},"end":{"line":17,"column":3}},"line":15},"1":{"name":"(anonymous_1)","decl":{"start":{"line":18,"column":12},"end":{"line":18,"column":13}},"loc":{"start":{"line":18,"column":31},"end":{"line":22,"column":3}},"line":18}},"branchMap":{},"s":{"0":4,"1":4,"2":4,"3":4,"4":4,"5":4,"6":4,"7":4,"8":4,"9":1,"10":1,"11":1,"12":1,"13":4,"14":4,"15":4,"16":4,"17":4,"18":4,"19":4},"f":{"0":1,"1":1},"b":{},"_coverageSchema":"1a1c01bbd47fc00a2c39e90264f33305004495a9","hash":"e10ba565c4244f7803a55e890993d5ad4bde17ba"}
,"D:\\Workspace\\Developpeur\\m2i-cda\\week8 - api\\insta-project\\routes\\role.router.js": {"path":"D:\\Workspace\\Developpeur\\m2i-cda\\week8 - api\\insta-project\\routes\\role.router.js","statementMap":{"0":{"start":{"line":1,"column":16},"end":{"line":1,"column":34}},"1":{"start":{"line":2,"column":19},"end":{"line":2,"column":60}},"2":{"start":{"line":3,"column":13},"end":{"line":3,"column":42}},"3":{"start":{"line":5,"column":15},"end":{"line":5,"column":31}},"4":{"start":{"line":7,"column":0},"end":{"line":7,"column":36}},"5":{"start":{"line":8,"column":0},"end":{"line":8,"column":40}},"6":{"start":{"line":9,"column":0},"end":{"line":9,"column":44}},"7":{"start":{"line":10,"column":0},"end":{"line":10,"column":50}},"8":{"start":{"line":11,"column":0},"end":{"line":11,"column":54}},"9":{"start":{"line":13,"column":0},"end":{"line":13,"column":24}}},"fnMap":{},"branchMap":{},"s":{"0":4,"1":4,"2":4,"3":4,"4":4,"5":4,"6":4,"7":4,"8":4,"9":4},"f":{},"b":{},"_coverageSchema":"1a1c01bbd47fc00a2c39e90264f33305004495a9","hash":"106ca772439dc47de335f8733d020e23106371e1"}
,"D:\\Workspace\\Developpeur\\m2i-cda\\week8 - api\\insta-project\\routes\\user.router.js": {"path":"D:\\Workspace\\Developpeur\\m2i-cda\\week8 - api\\insta-project\\routes\\user.router.js","statementMap":{"0":{"start":{"line":1,"column":16},"end":{"line":1,"column":34}},"1":{"start":{"line":2,"column":19},"end":{"line":2,"column":60}},"2":{"start":{"line":3,"column":13},"end":{"line":3,"column":42}},"3":{"start":{"line":5,"column":15},"end":{"line":5,"column":31}},"4":{"start":{"line":7,"column":0},"end":{"line":7,"column":36}},"5":{"start":{"line":8,"column":0},"end":{"line":8,"column":40}},"6":{"start":{"line":9,"column":0},"end":{"line":9,"column":36}},"7":{"start":{"line":10,"column":0},"end":{"line":10,"column":50}},"8":{"start":{"line":11,"column":0},"end":{"line":11,"column":50}},"9":{"start":{"line":12,"column":0},"end":{"line":12,"column":54}},"10":{"start":{"line":14,"column":0},"end":{"line":14,"column":24}}},"fnMap":{},"branchMap":{},"s":{"0":4,"1":4,"2":4,"3":4,"4":4,"5":4,"6":4,"7":4,"8":4,"9":4,"10":4},"f":{},"b":{},"_coverageSchema":"1a1c01bbd47fc00a2c39e90264f33305004495a9","hash":"f52769286c2e559482d5818b828cc2411bad51cb"}
,"D:\\Workspace\\Developpeur\\m2i-cda\\week8 - api\\insta-project\\services\\token.service.js": {"path":"D:\\Workspace\\Developpeur\\m2i-cda\\week8 - api\\insta-project\\services\\token.service.js","statementMap":{"0":{"start":{"line":1,"column":12},"end":{"line":1,"column":35}},"1":{"start":{"line":3,"column":0},"end":{"line":12,"column":1}},"2":{"start":{"line":4,"column":2},"end":{"line":11,"column":26}},"3":{"start":{"line":14,"column":0},"end":{"line":17,"column":1}},"4":{"start":{"line":15,"column":16},"end":{"line":15,"column":55}},"5":{"start":{"line":16,"column":2},"end":{"line":16,"column":27}}},"fnMap":{"0":{"name":"(anonymous_0)","decl":{"start":{"line":3,"column":24},"end":{"line":3,"column":25}},"loc":{"start":{"line":3,"column":34},"end":{"line":12,"column":1}},"line":3},"1":{"name":"(anonymous_1)","decl":{"start":{"line":14,"column":26},"end":{"line":14,"column":27}},"loc":{"start":{"line":14,"column":35},"end":{"line":17,"column":1}},"line":14}},"branchMap":{},"s":{"0":4,"1":4,"2":9,"3":4,"4":33,"5":33},"f":{"0":9,"1":33},"b":{},"_coverageSchema":"1a1c01bbd47fc00a2c39e90264f33305004495a9","hash":"e915d149ef84d86caf098741638d9f993b0ffcb0"}
}
