TN:
SF:app.js
FN:46,(anonymous_0)
FNF:1
FNH:0
FNDA:0,(anonymous_0)
DA:1,4
DA:3,4
DA:4,4
DA:5,4
DA:7,4
DA:8,4
DA:11,4
DA:13,4
DA:16,4
DA:17,4
DA:18,4
DA:19,4
DA:21,4
DA:22,4
DA:24,4
DA:25,4
DA:27,4
DA:28,4
DA:31,4
DA:34,4
DA:35,4
DA:36,4
DA:37,4
DA:40,4
DA:41,4
DA:43,4
DA:45,4
DA:46,0
DA:47,0
DA:48,0
DA:52,4
LF:31
LH:28
BRDA:45,0,0,0
BRDA:45,0,1,4
BRF:2
BRH:1
end_of_record
TN:
SF:config\config.js
FNF:0
FNH:0
DA:1,4
DA:3,4
LF:2
LH:2
BRF:0
BRH:0
end_of_record
TN:
SF:controllers\comment.controller.js
FN:7,(anonymous_0)
FN:23,(anonymous_1)
FN:24,(anonymous_2)
FN:27,(anonymous_3)
FN:45,(anonymous_4)
FN:50,(anonymous_5)
FN:53,(anonymous_6)
FN:66,(anonymous_7)
FN:68,(anonymous_8)
FN:68,(anonymous_9)
FN:70,(anonymous_10)
FN:78,(anonymous_11)
FN:88,(anonymous_12)
FN:91,(anonymous_13)
FN:92,(anonymous_14)
FN:101,(anonymous_15)
FN:106,(anonymous_16)
FN:109,(anonymous_17)
FN:110,(anonymous_18)
FNF:19
FNH:13
FNDA:1,(anonymous_0)
FNDA:1,(anonymous_1)
FNDA:0,(anonymous_2)
FNDA:1,(anonymous_3)
FNDA:1,(anonymous_4)
FNDA:0,(anonymous_5)
FNDA:3,(anonymous_6)
FNDA:1,(anonymous_7)
FNDA:1,(anonymous_8)
FNDA:0,(anonymous_9)
FNDA:0,(anonymous_10)
FNDA:3,(anonymous_11)
FNDA:3,(anonymous_12)
FNDA:2,(anonymous_13)
FNDA:0,(anonymous_14)
FNDA:3,(anonymous_15)
FNDA:3,(anonymous_16)
FNDA:2,(anonymous_17)
FNDA:0,(anonymous_18)
DA:1,4
DA:2,4
DA:3,4
DA:4,4
DA:5,4
DA:7,4
DA:8,1
DA:23,1
DA:24,0
DA:27,4
DA:28,1
DA:30,1
DA:46,1
DA:50,0
DA:53,4
DA:54,3
DA:56,3
DA:57,3
DA:59,3
DA:60,3
DA:62,3
DA:63,2
DA:65,1
DA:67,1
DA:68,1
DA:71,0
DA:78,4
DA:79,3
DA:80,3
DA:81,3
DA:83,3
DA:84,0
DA:87,3
DA:89,3
DA:90,2
DA:91,2
DA:92,0
DA:94,1
DA:101,4
DA:102,3
DA:103,3
DA:105,3
DA:107,3
DA:108,2
DA:109,2
DA:110,0
DA:112,1
LF:47
LH:41
BRDA:46,0,0,1
BRDA:46,0,1,0
BRDA:62,1,0,2
BRDA:62,1,1,1
BRDA:62,2,0,3
BRDA:62,2,1,2
BRDA:71,3,0,0
BRDA:71,3,1,0
BRDA:83,4,0,0
BRDA:83,4,1,3
BRDA:89,5,0,2
BRDA:89,5,1,1
BRDA:89,6,0,3
BRDA:89,6,1,2
BRDA:107,7,0,2
BRDA:107,7,1,1
BRDA:107,8,0,3
BRDA:107,8,1,2
BRF:18
BRH:14
end_of_record
TN:
SF:controllers\picture.controller.js
FN:7,(anonymous_0)
FN:26,(anonymous_1)
FN:30,(anonymous_2)
FN:33,(anonymous_3)
FN:47,(anonymous_4)
FN:52,(anonymous_5)
FN:55,(anonymous_6)
FN:67,(anonymous_7)
FN:69,(anonymous_8)
FN:71,(anonymous_9)
FN:78,(anonymous_10)
FN:89,(anonymous_11)
FN:92,(anonymous_12)
FN:93,(anonymous_13)
FN:101,(anonymous_14)
FN:107,(anonymous_15)
FN:110,(anonymous_16)
FN:111,(anonymous_17)
FNF:18
FNH:13
FNDA:1,(anonymous_0)
FNDA:1,(anonymous_1)
FNDA:0,(anonymous_2)
FNDA:1,(anonymous_3)
FNDA:1,(anonymous_4)
FNDA:0,(anonymous_5)
FNDA:1,(anonymous_6)
FNDA:1,(anonymous_7)
FNDA:1,(anonymous_8)
FNDA:0,(anonymous_9)
FNDA:3,(anonymous_10)
FNDA:3,(anonymous_11)
FNDA:1,(anonymous_12)
FNDA:0,(anonymous_13)
FNDA:3,(anonymous_14)
FNDA:3,(anonymous_15)
FNDA:2,(anonymous_16)
FNDA:0,(anonymous_17)
DA:1,4
DA:2,4
DA:3,4
DA:4,4
DA:5,4
DA:7,4
DA:8,1
DA:9,1
DA:27,1
DA:28,1
DA:30,0
DA:33,4
DA:34,1
DA:35,1
DA:36,1
DA:48,1
DA:52,0
DA:55,4
DA:56,1
DA:57,1
DA:58,1
DA:60,1
DA:62,1
DA:63,1
DA:64,1
DA:66,1
DA:68,1
DA:69,1
DA:72,0
DA:78,4
DA:79,3
DA:80,3
DA:82,3
DA:83,0
DA:85,3
DA:88,3
DA:90,3
DA:91,1
DA:92,1
DA:93,0
DA:95,2
DA:101,4
DA:102,3
DA:103,3
DA:106,3
DA:108,3
DA:109,2
DA:110,2
DA:111,0
DA:113,1
LF:50
LH:44
BRDA:48,0,0,1
BRDA:48,0,1,0
BRDA:60,1,0,0
BRDA:60,1,1,1
BRDA:72,2,0,0
BRDA:72,2,1,0
BRDA:82,3,0,0
BRDA:82,3,1,3
BRDA:90,4,0,1
BRDA:90,4,1,2
BRDA:108,5,0,2
BRDA:108,5,1,1
BRDA:108,6,0,3
BRDA:108,6,1,2
BRF:14
BRH:9
end_of_record
TN:
SF:controllers\role.controller.js
FN:4,(anonymous_0)
FN:9,(anonymous_1)
FN:10,(anonymous_2)
FN:13,(anonymous_3)
FN:17,(anonymous_4)
FN:18,(anonymous_5)
FN:21,(anonymous_6)
FN:30,(anonymous_7)
FN:31,(anonymous_8)
FN:38,(anonymous_9)
FN:46,(anonymous_10)
FN:47,(anonymous_11)
FN:54,(anonymous_12)
FN:61,(anonymous_13)
FN:62,(anonymous_14)
FNF:15
FNH:12
FNDA:1,(anonymous_0)
FNDA:1,(anonymous_1)
FNDA:0,(anonymous_2)
FNDA:1,(anonymous_3)
FNDA:1,(anonymous_4)
FNDA:0,(anonymous_5)
FNDA:3,(anonymous_6)
FNDA:1,(anonymous_7)
FNDA:1,(anonymous_8)
FNDA:3,(anonymous_9)
FNDA:1,(anonymous_10)
FNDA:1,(anonymous_11)
FNDA:2,(anonymous_12)
FNDA:1,(anonymous_13)
FNDA:0,(anonymous_14)
DA:1,4
DA:2,4
DA:4,4
DA:5,1
DA:9,1
DA:10,0
DA:13,4
DA:14,1
DA:16,1
DA:17,1
DA:18,0
DA:21,4
DA:22,3
DA:23,3
DA:25,2
DA:27,2
DA:29,2
DA:30,1
DA:32,1
DA:38,4
DA:39,3
DA:40,3
DA:42,2
DA:43,2
DA:45,2
DA:46,1
DA:48,1
DA:54,4
DA:55,2
DA:56,2
DA:58,1
DA:60,1
DA:61,1
DA:62,0
LF:34
LH:31
BRDA:23,0,0,1
BRDA:23,0,1,2
BRDA:27,1,0,0
BRDA:27,1,1,2
BRDA:27,2,0,2
BRDA:27,2,1,2
BRDA:32,3,0,1
BRDA:32,3,1,0
BRDA:40,4,0,1
BRDA:40,4,1,2
BRDA:48,5,0,1
BRDA:48,5,1,0
BRDA:56,6,0,1
BRDA:56,6,1,1
BRF:14
BRH:11
end_of_record
TN:
SF:controllers\user.controller.js
FN:8,(anonymous_0)
FN:29,(anonymous_1)
FN:30,(anonymous_2)
FN:33,(anonymous_3)
FN:57,(anonymous_4)
FN:58,(anonymous_5)
FN:61,(anonymous_6)
FN:62,(anonymous_7)
FN:69,(anonymous_8)
FN:70,(anonymous_9)
FN:78,(anonymous_10)
FN:88,(anonymous_11)
FN:89,(anonymous_12)
FN:97,(anonymous_13)
FN:106,(anonymous_14)
FN:107,(anonymous_15)
FN:111,(anonymous_16)
FN:117,(anonymous_17)
FN:119,(anonymous_18)
FN:134,(anonymous_19)
FNF:20
FNH:16
FNDA:1,(anonymous_0)
FNDA:1,(anonymous_1)
FNDA:0,(anonymous_2)
FNDA:1,(anonymous_3)
FNDA:1,(anonymous_4)
FNDA:0,(anonymous_5)
FNDA:4,(anonymous_6)
FNDA:4,(anonymous_7)
FNDA:1,(anonymous_8)
FNDA:3,(anonymous_9)
FNDA:5,(anonymous_10)
FNDA:2,(anonymous_11)
FNDA:2,(anonymous_12)
FNDA:3,(anonymous_13)
FNDA:2,(anonymous_14)
FNDA:0,(anonymous_15)
FNDA:3,(anonymous_16)
FNDA:3,(anonymous_17)
FNDA:2,(anonymous_18)
FNDA:0,(anonymous_19)
DA:1,4
DA:2,4
DA:3,4
DA:4,4
DA:5,4
DA:6,4
DA:8,4
DA:9,1
DA:29,1
DA:30,0
DA:33,4
DA:34,1
DA:36,1
DA:57,1
DA:58,0
DA:61,4
DA:62,4
DA:63,4
DA:65,4
DA:66,4
DA:68,4
DA:69,1
DA:71,3
DA:78,4
DA:79,5
DA:80,5
DA:81,5
DA:82,5
DA:83,5
DA:84,1
DA:85,1
DA:87,4
DA:88,2
DA:90,2
DA:97,4
DA:98,3
DA:99,3
DA:101,3
DA:102,1
DA:103,1
DA:105,2
DA:106,2
DA:107,0
DA:111,4
DA:112,3
DA:113,3
DA:118,3
DA:119,2
DA:120,2
DA:122,2
DA:123,1
DA:124,1
DA:125,1
DA:126,1
DA:131,1
DA:134,0
LF:56
LH:52
BRDA:63,0,0,0
BRDA:63,0,1,4
BRDA:71,1,0,2
BRDA:71,1,1,1
BRDA:83,2,0,1
BRDA:83,2,1,4
BRDA:83,3,0,5
BRDA:83,3,1,4
BRDA:90,4,0,2
BRDA:90,4,1,0
BRDA:101,5,0,1
BRDA:101,5,1,2
BRDA:101,6,0,3
BRDA:101,6,1,2
BRDA:118,7,0,2
BRDA:118,7,1,1
BRDA:120,8,0,0
BRDA:120,8,1,2
BRDA:122,9,0,1
BRDA:122,9,1,1
BRF:20
BRH:17
end_of_record
TN:
SF:middleware\auth.js
FN:3,(anonymous_0)
FN:4,(anonymous_1)
FNF:2
FNH:2
FNDA:44,(anonymous_0)
FNDA:43,(anonymous_1)
DA:1,4
DA:3,4
DA:4,44
DA:5,43
DA:6,32
DA:7,32
DA:8,32
DA:9,32
DA:12,0
DA:13,0
DA:16,0
DA:20,11
LF:12
LH:9
BRDA:5,0,0,32
BRDA:5,0,1,11
BRDA:8,1,0,32
BRDA:8,1,1,0
BRF:4
BRH:3
end_of_record
TN:
SF:models\comment.js
FN:5,(anonymous_0)
FN:12,(anonymous_1)
FNF:2
FNH:2
FNDA:4,(anonymous_0)
FNDA:4,(anonymous_1)
DA:4,4
DA:5,4
DA:14,4
DA:15,4
DA:18,4
DA:24,4
LF:6
LH:6
BRF:0
BRH:0
end_of_record
TN:
SF:models\index.js
FN:20,(anonymous_0)
FN:23,(anonymous_1)
FN:28,(anonymous_2)
FNF:3
FNH:3
FNDA:28,(anonymous_0)
FNDA:24,(anonymous_1)
FNDA:24,(anonymous_2)
DA:3,4
DA:4,4
DA:5,4
DA:6,4
DA:7,4
DA:8,4
DA:9,4
DA:12,4
DA:13,0
DA:15,4
DA:18,4
DA:21,28
DA:24,24
DA:25,24
DA:28,4
DA:29,24
DA:30,24
DA:34,4
DA:35,4
DA:37,4
LF:20
LH:19
BRDA:7,0,0,4
BRDA:7,0,1,0
BRDA:12,1,0,0
BRDA:12,1,1,4
BRDA:21,2,0,28
BRDA:21,2,1,28
BRDA:21,2,2,24
BRDA:29,3,0,24
BRDA:29,3,1,0
BRF:9
BRH:6
end_of_record
TN:
SF:models\picture.js
FN:5,(anonymous_0)
FN:12,(anonymous_1)
FNF:2
FNH:2
FNDA:4,(anonymous_0)
FNDA:4,(anonymous_1)
DA:4,4
DA:5,4
DA:14,4
DA:15,4
DA:16,4
DA:19,4
DA:29,4
LF:7
LH:7
BRF:0
BRH:0
end_of_record
TN:
SF:models\picturecomment.js
FN:5,(anonymous_0)
FN:12,(anonymous_1)
FNF:2
FNH:2
FNDA:4,(anonymous_0)
FNDA:4,(anonymous_1)
DA:4,4
DA:5,4
DA:14,4
DA:15,4
DA:18,4
DA:25,4
LF:6
LH:6
BRF:0
BRH:0
end_of_record
TN:
SF:models\role.js
FN:5,(anonymous_0)
FN:12,(anonymous_1)
FNF:2
FNH:2
FNDA:4,(anonymous_0)
FNDA:4,(anonymous_1)
DA:4,4
DA:5,4
DA:14,4
DA:17,4
DA:23,4
LF:5
LH:5
BRF:0
BRH:0
end_of_record
TN:
SF:models\user.js
FN:5,(anonymous_0)
FN:12,(anonymous_1)
FNF:2
FNH:2
FNDA:4,(anonymous_0)
FNDA:4,(anonymous_1)
DA:4,4
DA:5,4
DA:14,4
DA:15,4
DA:16,4
DA:17,4
DA:20,4
DA:36,4
LF:8
LH:8
BRF:0
BRH:0
end_of_record
TN:
SF:models\userpicture.js
FN:5,(anonymous_0)
FN:12,(anonymous_1)
FNF:2
FNH:2
FNDA:4,(anonymous_0)
FNDA:4,(anonymous_1)
DA:4,4
DA:5,4
DA:14,4
DA:15,4
DA:18,4
DA:25,4
LF:6
LH:6
BRF:0
BRH:0
end_of_record
TN:
SF:routes\comment.router.js
FNF:0
FNH:0
DA:1,4
DA:2,4
DA:3,4
DA:5,4
DA:7,4
DA:8,4
DA:9,4
DA:10,4
DA:11,4
DA:13,4
LF:10
LH:10
BRF:0
BRH:0
end_of_record
TN:
SF:routes\picture.router.js
FN:15,(anonymous_0)
FN:18,(anonymous_1)
FNF:2
FNH:2
FNDA:1,(anonymous_0)
FNDA:1,(anonymous_1)
DA:1,4
DA:2,4
DA:3,4
DA:4,4
DA:5,4
DA:7,4
DA:10,4
DA:12,4
DA:14,4
DA:16,1
DA:19,1
DA:20,1
DA:21,1
DA:25,4
DA:27,4
DA:28,4
DA:29,4
DA:30,4
DA:31,4
DA:33,4
LF:20
LH:20
BRF:0
BRH:0
end_of_record
TN:
SF:routes\role.router.js
FNF:0
FNH:0
DA:1,4
DA:2,4
DA:3,4
DA:5,4
DA:7,4
DA:8,4
DA:9,4
DA:10,4
DA:11,4
DA:13,4
LF:10
LH:10
BRF:0
BRH:0
end_of_record
TN:
SF:routes\user.router.js
FNF:0
FNH:0
DA:1,4
DA:2,4
DA:3,4
DA:5,4
DA:7,4
DA:8,4
DA:9,4
DA:10,4
DA:11,4
DA:12,4
DA:14,4
LF:11
LH:11
BRF:0
BRH:0
end_of_record
TN:
SF:services\token.service.js
FN:3,(anonymous_0)
FN:14,(anonymous_1)
FNF:2
FNH:2
FNDA:9,(anonymous_0)
FNDA:33,(anonymous_1)
DA:1,4
DA:3,4
DA:4,9
DA:14,4
DA:15,33
DA:16,33
LF:6
LH:6
BRF:0
BRH:0
end_of_record
